<?xml version="1.0" encoding="UTF-8"?>
<testng-results skipped="0" failed="0" ignored="0" total="3" passed="3">
  <reporter-output>
  </reporter-output>
  <suite name="Default suite" duration-ms="6381" started-at="2021-11-30T16:35:23 IST" finished-at="2021-11-30T16:35:30 IST">
    <groups>
    </groups>
    <test name="Default test" duration-ms="6381" started-at="2021-11-30T16:35:23 IST" finished-at="2021-11-30T16:35:30 IST">
      <class name="APITest.Demo_TestNG">
        <test-method status="PASS" signature="creatboard()[pri:0, instance:APITest.Demo_TestNG@1d8db5a]" name="creatboard" duration-ms="4840" started-at="2021-11-30T16:35:23 IST" finished-at="2021-11-30T16:35:28 IST">
          <reporter-output>
          </reporter-output>
        </test-method> <!-- creatboard -->
        <test-method status="PASS" signature="getboard()[pri:1, instance:APITest.Demo_TestNG@1d8db5a]" name="getboard" duration-ms="593" started-at="2021-11-30T16:35:28 IST" finished-at="2021-11-30T16:35:29 IST">
          <reporter-output>
          </reporter-output>
        </test-method> <!-- getboard -->
        <test-method status="PASS" signature="deleteboard()[pri:2, instance:APITest.Demo_TestNG@1d8db5a]" name="deleteboard" duration-ms="895" started-at="2021-11-30T16:35:29 IST" finished-at="2021-11-30T16:35:30 IST">
          <reporter-output>
          </reporter-output>
        </test-method> <!-- deleteboard -->
      </class> <!-- APITest.Demo_TestNG -->
    </test> <!-- Default test -->
  </suite> <!-- Default suite -->
</testng-results>
