<?xml version="1.0" encoding="UTF-8"?>
<!-- Generated by org.testng.reporters.JUnitXMLReporter -->
<testsuite ignored="0" hostname="DESKTOP-M3C52B0" failures="0" tests="3" name="Test" time="0.192" errors="0" timestamp="2021-11-25T13:10:20 IST">
  <testcase classname="APITest.Demo_TestNG" name="testcase" time="0.009"/>
  <testcase classname="APITest.Demo_TestNG" name="testcase2" time="0.017"/>
  <testcase classname="APITest.Demo2_TestNG" name="testcase3" time="0.007"/>
</testsuite> <!-- Test -->
