<?xml version="1.0" encoding="UTF-8"?>
<!-- Generated by org.testng.reporters.JUnitXMLReporter -->
<testsuite hostname="DESKTOP-M3C52B0" ignored="1" name="Test" tests="6" failures="0" timestamp="2021-12-01T11:47:37 IST" time="15.396" errors="0">
  <testcase name="creatboard" time="4.502" classname="APITest.Demo_TestNG"/>
  <testcase name="getboard" time="0.545" classname="APITest.Demo_TestNG"/>
  <testcase name="deleteboard" time="0.961" classname="APITest.Demo_TestNG"/>
  <testcase name="login" time="4.106" classname="APITest.eCommerce"/>
  <testcase name="get" time="3.246" classname="APITest.eCommerce"/>
  <testcase name="delete" time="1.913" classname="APITest.eCommerce"/>
  <testcase name="sign_up" time="0.0" classname="APITest.eCommerce">
    <ignored/>
  </testcase> <!-- sign_up -->
</testsuite> <!-- Test -->
