<?xml version="1.0" encoding="UTF-8"?>
<!-- Generated by org.testng.reporters.JUnitXMLReporter -->
<testsuite hostname="DESKTOP-M3C52B0" ignored="0" name="Default test" tests="3" failures="0" timestamp="2021-11-30T16:35:30 IST" time="6.381" errors="0">
  <testcase name="creatboard" time="4.84" classname="APITest.Demo_TestNG"/>
  <testcase name="getboard" time="0.593" classname="APITest.Demo_TestNG"/>
  <testcase name="deleteboard" time="0.895" classname="APITest.Demo_TestNG"/>
</testsuite> <!-- Default test -->
