<?xml version="1.0" encoding="UTF-8"?>
<testsuite xmlns:xsi="http://www.w3.org/2001/XMLSchema-instance" xsi:noNamespaceSchemaLocation="https://maven.apache.org/surefire/maven-surefire-plugin/xsd/surefire-test-report-3.0.xsd" version="3.0" name="TestSuite" time="16.548" tests="6" errors="0" skipped="0" failures="0">
  <properties>
[...]
</properties>
  <testcase name="creatboard" classname="APITest.Demo_TestNG" time="4.505">
    <system-out><![CDATA[{"id":"61a713756bcb22631fce54d6","name":"modified-new","desc":"","descData":null,"closed":false,"idOrganization":"619e043018a6424a4452cdb3","idEnterprise":null,"pinned":false,"url":"https://trello.com/b/Lgho2nMc/modified-new","shortUrl":"https://trello.com/b/Lgho2nMc","prefs":{"permissionLevel":"private","hideVotes":false,"voting":"disabled","comments":"members","invitations":"members","selfJoin":true,"cardCovers":true,"isTemplate":false,"cardAging":"regular","calendarFeedEnabled":false,"isPluginHeaderShortcutsEnabled":false,"enabledPluginBoardButtons":[],"background":"blue","backgroundImage":null,"backgroundImageScaled":null,"backgroundTile":false,"backgroundBrightness":"dark","backgroundColor":"#0079BF","backgroundBottomColor":"#0079BF","backgroundTopColor":"#0079BF","canBePublic":true,"canBeEnterprise":true,"canBeOrg":true,"canBePrivate":true,"canInvite":true},"labelNames":{"green":"","yellow":"","orange":"","red":"","purple":"","blue":"","sky":"","lime":"","pink":"","black":""},"limits":{}}
]]></system-out>
  </testcase>
  <testcase name="getboard" classname="APITest.Demo_TestNG" time="0.544">
    <system-out><![CDATA[{"id":"61a713756bcb22631fce54d6","name":"modified-new","desc":"","descData":null,"closed":false,"idOrganization":"619e043018a6424a4452cdb3","idEnterprise":null,"pinned":false,"url":"https://trello.com/b/Lgho2nMc/modified-new","shortUrl":"https://trello.com/b/Lgho2nMc","prefs":{"permissionLevel":"private","hideVotes":false,"voting":"disabled","comments":"members","invitations":"members","selfJoin":true,"cardCovers":true,"isTemplate":false,"cardAging":"regular","calendarFeedEnabled":false,"isPluginHeaderShortcutsEnabled":false,"enabledPluginBoardButtons":[],"background":"blue","backgroundImage":null,"backgroundImageScaled":null,"backgroundTile":false,"backgroundBrightness":"dark","backgroundColor":"#0079BF","backgroundBottomColor":"#0079BF","backgroundTopColor":"#0079BF","canBePublic":true,"canBeEnterprise":true,"canBeOrg":true,"canBePrivate":true,"canInvite":true},"labelNames":{"green":"","yellow":"","orange":"","red":"","purple":"","blue":"","sky":"","lime":"","pink":"","black":""}}
]]></system-out>
  </testcase>
  <testcase name="deleteboard" classname="APITest.Demo_TestNG" time="0.962">
    <system-out><![CDATA[{"_value":null}

]]></system-out>
  </testcase>
  <testcase name="login" classname="APITest.eCommerce" time="4.106">
    <system-out><![CDATA[eyJhbGciOiJIUzI1NiIsInR5cCI6IkpXVCJ9.eyJfaWQiOiI2MWE1ZDNiZjg3ZDY5OTAwMTczZmZmNjIiLCJpYXQiOjE2MzgzMzk0NTIsImV4cCI6MTYzODQyNTg1Mn0.siR8f7UI7DBZLZcPVqPU6CVDSNH-n8oBr8TrQusps4Y
]]></system-out>
  </testcase>
  <testcase name="get" classname="APITest.eCommerce" time="3.246"/>
  <testcase name="delete" classname="APITest.eCommerce" time="1.913">
    <system-out><![CDATA[User deleted
]]></system-out>
  </testcase>
</testsuite>